Flutter crash report.
Please report a bug at https://github.com/flutter/flutter/issues.

## command

flutter run -d web-server --web-renderer html --web-port=5007 --web-hostname=0.0.0.0

## exception

ShaderCompilerException: ShaderCompilerException: Shader compilation of "/nix/store/yk06k2xi481mkz7lbnqip2178l547ihl-flutter-wrapped-3.22.0-sdk-links/packages/flutter/lib/src/material/shaders/ink_sparkle.frag" to "build/flutter_assets/shaders/ink_sparkle.frag" failed with exit code 1.
impellerc stdout:

impellerc stderr:
Could not write file to build/flutter_assets/shaders/ink_sparkle.frag




```
#0      ShaderCompiler.compileShader (package:flutter_tools/src/build_system/tools/shader_compiler.dart:190:9)
<asynchronous suspension>
#1      writeBundle.<anonymous closure> (package:flutter_tools/src/bundle_builder.dart:218:25)
<asynchronous suspension>
#2      Future.wait.<anonymous closure> (dart:async/future.dart:524:21)
<asynchronous suspension>
#3      writeBundle (package:flutter_tools/src/bundle_builder.dart:185:3)
<asynchronous suspension>
#4      WebDevFS.update (package:flutter_tools/src/isolated/devfs_web.dart:991:9)
<asynchronous suspension>
#5      ResidentWebRunner._updateDevFS (package:flutter_tools/src/isolated/resident_web_runner.dart:562:35)
<asynchronous suspension>
#6      ResidentWebRunner.run.<anonymous closure> (package:flutter_tools/src/isolated/resident_web_runner.dart:322:41)
<asynchronous suspension>
#7      asyncGuard.<anonymous closure> (package:flutter_tools/src/base/async_guard.dart:111:24)
<asynchronous suspension>
```

## flutter doctor

```
[32m[✓][39m Flutter (Channel stable, 3.22.0, on Ubuntu 20.04.2 LTS 6.2.16, locale
    en_US.UTF-8)
    [32m•[39m Flutter version 3.22.0 on channel stable at
      /nix/store/yk06k2xi481mkz7lbnqip2178l547ihl-flutter-wrapped-3.22.0-sdk-lin
      ks
    [32m•[39m Upstream repository https://github.com/flutter/flutter.git
    [32m•[39m Framework revision nixpkgs000 (), 1970-01-01 00:00:00
    [32m•[39m Engine revision f6344b75dc
    [32m•[39m Dart version 3.4.0
    [32m•[39m DevTools version 2.34.3

[31m[✗][39m Android toolchain - develop for Android devices
    [31m✗[39m Unable to locate Android SDK.
      Install Android Studio from:
      https://developer.android.com/studio/index.html
      On first launch it will assist you in installing the Android SDK
      components.
      (or visit https://flutter.dev/docs/get-started/install/linux#android-setup
      for detailed instructions).
      If the Android SDK has been installed to a custom location, please use
      `flutter config --android-sdk` to update to that location.


[31m[✗][39m Chrome - develop for the web (Cannot find Chrome executable at
    google-chrome)
    [33m![39m Cannot find Chrome. Try setting CHROME_EXECUTABLE to a Chrome executable.

[32m[✓][39m Linux toolchain - develop for Linux desktop
    [32m•[39m clang version 17.0.6
    [32m•[39m cmake version 3.29.2
    [32m•[39m ninja version 1.11.1
    [32m•[39m pkg-config version 0.29.2

[33m[!][39m Android Studio (not installed)
    [32m•[39m Android Studio not found; download from
      https://developer.android.com/studio/index.html
      (or visit https://flutter.dev/docs/get-started/install/linux#android-setup
      for detailed instructions).

[32m[✓][39m Connected device (2 available)
    [32m•[39m Linux (desktop)  • linux      • linux-x64      • Ubuntu 20.04.2 LTS 6.2.16
    [32m•[39m Web Server (web) • web-server • web-javascript • Flutter Tools

[32m[✓][39m Network resources
    [32m•[39m All expected network resources are available.

[33m![39m Doctor found issues in 3 categories.
```
